2024-09-29 18:01:08 DEBUG [main] analytics.DataAnalytics - --- Summiere die Gesamtlaufzeit aller Triebwerke ---
2024-09-29 18:01:08 DEBUG [main] analytics.DataAnalytics - ---
2024-09-29 18:01:08 DEBUG [main] analytics.DataAnalytics - --- Berechne die maximale Temperatur unter den Triebwerken ---
2024-09-29 18:01:08 DEBUG [main] analytics.DataAnalytics - ---
2024-09-29 18:01:08 DEBUG [main] analytics.DataAnalytics - --- Berechne den Durchschnitt des Kraftstoffverbrauchs aktiver Triebwerke ---
2024-09-29 18:01:08 DEBUG [main] analytics.DataAnalytics - ---
2024-09-29 18:01:08 DEBUG [main] analytics.DataAnalytics - --- Extrahiere alle Hersteller von Triebwerken ---
2024-09-29 18:01:08 DEBUG [main] analytics.DataAnalytics - ---
2024-09-29 18:01:08 DEBUG [main] analytics.DataAnalytics - --- Extrahiere alle Hersteller von Triebwerken (ohne Duplikate) ---
2024-09-29 18:01:08 DEBUG [main] analytics.DataAnalytics - ---
2024-09-29 18:01:08 DEBUG [main] analytics.DataAnalytics - --- Gebe zusammenfassende Statistik für die Schubkraft (thrust) aller Triebwerke aus ---
2024-09-29 18:01:08 DEBUG [main] analytics.DataAnalytics - ---
2024-09-29 18:01:08 DEBUG [main] analytics.DataAnalytics - --- Zähle Triebwerke in Wartung ---
2024-09-29 18:01:08 DEBUG [main] analytics.DataAnalytics - ---
2024-09-29 18:01:08 DEBUG [main] analytics.DataAnalytics - --- Filtere aktive Triebwerke ---
2024-09-29 18:01:08 DEBUG [main] analytics.DataAnalytics - ---
2024-09-29 18:01:08 DEBUG [main] analytics.DataAnalytics - --- Filtere Triebwerke mit einem Schub größer als 200 kN ---
2024-09-29 18:01:08 DEBUG [main] analytics.DataAnalytics - ---
2024-09-29 18:01:08 DEBUG [main] analytics.DataAnalytics - --- Extrahiere die IDs von Triebwerken, die defekt sind (Status: false) ---
2024-09-29 18:01:08 DEBUG [main] analytics.DataAnalytics - ---
2024-09-29 18:01:08 DEBUG [main] analytics.DataAnalytics - --- Sortiere Triebwerke nach Schub aufsteigend ---
2024-09-29 18:01:08 DEBUG [main] analytics.DataAnalytics - ---
2024-09-29 18:01:08 DEBUG [main] analytics.DataAnalytics - --- Sortiere die Triebwerke nach Schub in aufsteigender Reihenfolge und dann nach Kraftstoffverbrauch in absteigender Reihenfolge ---
2024-09-29 18:01:08 DEBUG [main] analytics.DataAnalytics - ---
2024-09-29 18:01:08 DEBUG [main] analytics.DataAnalytics - --- Filtere aktive Triebwerke und sortiere sie nach Schub (aufsteigend) und Kraftstoffverbrauch (absteigend) ---
2024-09-29 18:01:08 DEBUG [main] analytics.DataAnalytics - ---
2024-09-29 18:01:08 DEBUG [main] analytics.DataAnalytics - --- Partioniere Triebwerke in solche, die gewartet werden müssen, und solche, die nicht gewartet werden müssen. ---
2024-09-29 18:01:08 DEBUG [main] analytics.DataAnalytics - ---
2024-09-29 18:01:08 DEBUG [main] analytics.DataAnalytics - --- Partitioniere Triebwerke, die in den letzten 30 Tagen gewartet wurden, und sortiere sie nach Temperatur (aufsteigend) ---
2024-09-29 18:01:08 DEBUG [main] analytics.DataAnalytics - ---
2024-09-29 18:01:08 DEBUG [main] analytics.DataAnalytics - --- Gruppiere Triebwerke nach Hersteller ---
2024-09-29 18:01:08 DEBUG [main] analytics.DataAnalytics - ---
2024-09-29 18:01:08 DEBUG [main] analytics.DataAnalytics - --- Gruppiere Triebwerke nach ihrem Zustand und filtere nach Schubkraft über 150 kN ---
2024-09-29 18:01:08 DEBUG [main] analytics.DataAnalytics - ---
2024-09-29 18:01:08 DEBUG [main] analytics.DataAnalytics - --- Filtere Triebwerke mit Schubkraft über 160 kN und unter 230 kN, die aktiv oder in Wartung sind, und gruppiere nach Hersteller ---
2024-09-29 18:01:08 DEBUG [main] analytics.DataAnalytics - ---
2024-09-29 18:01:08 DEBUG [main] analytics.DataAnalytics - --- Gruppiere nicht defekte Triebwerke pro Hersteller ohne SAFRAN mit Schub zwischen 125 und 200 kN 
2024-09-29 18:01:08 DEBUG [main] analytics.DataAnalytics -     und berechne je Gruppe (Manufacturer) den durschnittlichen Kerosinverbrauch ---
2024-09-29 18:01:08 DEBUG [main] analytics.DataAnalytics - ---
2024-09-29 18:01:08 DEBUG [main] analytics.DataAnalytics - --- Zähle Triebwerke pro Hersteller, die einen Schub größer als 170 kN haben und nicht defekt sind, 
2024-09-29 18:01:08 DEBUG [main] analytics.DataAnalytics -     sortiere die Hersteller nach Anzahl der Triebwerke absteigend ---
2024-09-29 18:01:08 DEBUG [main] analytics.DataAnalytics - ---
2024-09-29 18:01:38 DEBUG [main] analytics.DataAnalytics - --- Summiere die Gesamtlaufzeit aller Triebwerke ---
2024-09-29 18:01:38 DEBUG [main] analytics.DataAnalytics - ---
2024-09-29 18:01:38 DEBUG [main] analytics.DataAnalytics - --- Berechne die maximale Temperatur unter den Triebwerken ---
2024-09-29 18:01:38 DEBUG [main] analytics.DataAnalytics - ---
2024-09-29 18:01:38 DEBUG [main] analytics.DataAnalytics - --- Berechne den Durchschnitt des Kraftstoffverbrauchs aktiver Triebwerke ---
2024-09-29 18:01:38 DEBUG [main] analytics.DataAnalytics - ---
2024-09-29 18:01:38 DEBUG [main] analytics.DataAnalytics - --- Extrahiere alle Hersteller von Triebwerken ---
2024-09-29 18:01:38 DEBUG [main] analytics.DataAnalytics - ---
2024-09-29 18:01:38 DEBUG [main] analytics.DataAnalytics - --- Extrahiere alle Hersteller von Triebwerken (ohne Duplikate) ---
2024-09-29 18:01:38 DEBUG [main] analytics.DataAnalytics - ---
2024-09-29 18:01:38 DEBUG [main] analytics.DataAnalytics - --- Gebe zusammenfassende Statistik für die Schubkraft (thrust) aller Triebwerke aus ---
2024-09-29 18:01:38 DEBUG [main] analytics.DataAnalytics - ---
2024-09-29 18:01:38 DEBUG [main] analytics.DataAnalytics - --- Zähle Triebwerke in Wartung ---
2024-09-29 18:01:38 DEBUG [main] analytics.DataAnalytics - ---
2024-09-29 18:01:38 DEBUG [main] analytics.DataAnalytics - --- Filtere aktive Triebwerke ---
2024-09-29 18:01:38 DEBUG [main] analytics.DataAnalytics - ---
2024-09-29 18:01:38 DEBUG [main] analytics.DataAnalytics - --- Filtere Triebwerke mit einem Schub größer als 200 kN ---
2024-09-29 18:01:38 DEBUG [main] analytics.DataAnalytics - ---
2024-09-29 18:01:38 DEBUG [main] analytics.DataAnalytics - --- Extrahiere die IDs von Triebwerken, die defekt sind (Status: false) ---
2024-09-29 18:01:38 DEBUG [main] analytics.DataAnalytics - ---
2024-09-29 18:01:38 DEBUG [main] analytics.DataAnalytics - --- Sortiere Triebwerke nach Schub aufsteigend ---
2024-09-29 18:01:38 DEBUG [main] analytics.DataAnalytics - ---
2024-09-29 18:01:38 DEBUG [main] analytics.DataAnalytics - --- Sortiere die Triebwerke nach Schub in aufsteigender Reihenfolge und dann nach Kraftstoffverbrauch in absteigender Reihenfolge ---
2024-09-29 18:01:38 DEBUG [main] analytics.DataAnalytics - ---
2024-09-29 18:01:38 DEBUG [main] analytics.DataAnalytics - --- Filtere aktive Triebwerke und sortiere sie nach Schub (aufsteigend) und Kraftstoffverbrauch (absteigend) ---
2024-09-29 18:01:38 DEBUG [main] analytics.DataAnalytics - ---
2024-09-29 18:01:38 DEBUG [main] analytics.DataAnalytics - --- Partioniere Triebwerke in solche, die gewartet werden müssen, und solche, die nicht gewartet werden müssen. ---
2024-09-29 18:01:38 DEBUG [main] analytics.DataAnalytics - ---
2024-09-29 18:01:38 DEBUG [main] analytics.DataAnalytics - --- Partitioniere Triebwerke, die in den letzten 30 Tagen gewartet wurden, und sortiere sie nach Temperatur (aufsteigend) ---
2024-09-29 18:01:38 DEBUG [main] analytics.DataAnalytics - ---
2024-09-29 18:01:38 DEBUG [main] analytics.DataAnalytics - --- Gruppiere Triebwerke nach Hersteller ---
2024-09-29 18:01:38 DEBUG [main] analytics.DataAnalytics - ---
2024-09-29 18:01:38 DEBUG [main] analytics.DataAnalytics - --- Gruppiere Triebwerke nach ihrem Zustand und filtere nach Schubkraft über 150 kN ---
2024-09-29 18:01:38 DEBUG [main] analytics.DataAnalytics - ---
2024-09-29 18:01:38 DEBUG [main] analytics.DataAnalytics - --- Filtere Triebwerke mit Schubkraft über 160 kN und unter 230 kN, die aktiv oder in Wartung sind, und gruppiere nach Hersteller ---
2024-09-29 18:01:38 DEBUG [main] analytics.DataAnalytics - ---
2024-09-29 18:01:38 DEBUG [main] analytics.DataAnalytics - --- Gruppiere nicht defekte Triebwerke pro Hersteller ohne SAFRAN mit Schub zwischen 125 und 200 kN 
2024-09-29 18:01:38 DEBUG [main] analytics.DataAnalytics -     und berechne je Gruppe (Manufacturer) den durschnittlichen Kerosinverbrauch ---
2024-09-29 18:01:38 DEBUG [main] analytics.DataAnalytics - ---
2024-09-29 18:01:38 DEBUG [main] analytics.DataAnalytics - --- Zähle Triebwerke pro Hersteller, die einen Schub größer als 170 kN haben und nicht defekt sind, 
2024-09-29 18:01:38 DEBUG [main] analytics.DataAnalytics -     sortiere die Hersteller nach Anzahl der Triebwerke absteigend ---
2024-09-29 18:01:38 DEBUG [main] analytics.DataAnalytics - ---
